<?xml version="1.0" encoding="UTF-8"?>
<!-- Generated by org.testng.reporters.JUnitReportReporter -->
<testsuite hostname="Subhajit_PC" failures="0" tests="1" name="Maven_TestNG.NewTest" time="6.619" errors="0" timestamp="2022-03-11T15:26:05 IST" skipped="0">
  <testcase classname="Maven_TestNG.NewTest" name="Login" time="6.619"/>
  <system-out/>
</testsuite> <!-- Maven_TestNG.NewTest -->
